\BOOKMARK [0][-]{chapter.1}{\376\377\000O\000v\000e\000r\000v\000i\000e\000w}{}% 1
\BOOKMARK [0][-]{chapter.2}{\376\377\000I\000n\000s\000t\000a\000l\000l\000a\000t\000i\000o\000n}{}% 2
\BOOKMARK [0][-]{chapter.3}{\376\377\000D\000e\000m\000o\000s\000/\000E\000x\000a\000m\000p\000l\000e\000s}{}% 3
\BOOKMARK [0][-]{chapter.4}{\376\377\000Q\000u\000e\000s\000t\000i\000o\000n\000s\000?\000\040\000S\000u\000g\000g\000e\000s\000t\000i\000o\000n\000s\000?}{}% 4
\BOOKMARK [0][-]{chapter.5}{\376\377\000P\000a\000c\000k\000a\000g\000e\000\040\000R\000e\000f\000e\000r\000e\000n\000c\000e}{}% 5
\BOOKMARK [1][-]{section.5.1}{\376\377\000a\000u\000r\000o\000r\000a\000\040\000p\000a\000c\000k\000a\000g\000e}{chapter.5}% 6
\BOOKMARK [2][-]{subsection.5.1.1}{\376\377\000S\000u\000b\000m\000o\000d\000u\000l\000e\000s}{section.5.1}% 7
\BOOKMARK [2][-]{subsection.5.1.2}{\376\377\000a\000u\000r\000o\000r\000a\000.\000c\000o\000r\000e\000\040\000m\000o\000d\000u\000l\000e}{section.5.1}% 8
\BOOKMARK [2][-]{subsection.5.1.3}{\376\377\000a\000u\000r\000o\000r\000a\000.\000a\000t\000o\000m\000i\000c\000\040\000m\000o\000d\000u\000l\000e}{section.5.1}% 9
\BOOKMARK [2][-]{subsection.5.1.4}{\376\377\000a\000u\000r\000o\000r\000a\000.\000r\000a\000d\000i\000a\000t\000i\000o\000n\000\040\000m\000o\000d\000u\000l\000e}{section.5.1}% 10
\BOOKMARK [2][-]{subsection.5.1.5}{\376\377\000a\000u\000r\000o\000r\000a\000.\000g\000r\000i\000d\000s\000\137\000u\000t\000i\000l\000s\000\040\000m\000o\000d\000u\000l\000e}{section.5.1}% 11
\BOOKMARK [2][-]{subsection.5.1.6}{\376\377\000a\000u\000r\000o\000r\000a\000.\000c\000o\000o\000r\000d\000s\000\040\000m\000o\000d\000u\000l\000e}{section.5.1}% 12
\BOOKMARK [2][-]{subsection.5.1.7}{\376\377\000a\000u\000r\000o\000r\000a\000.\000s\000o\000u\000r\000c\000e\000\137\000u\000t\000i\000l\000s\000\040\000m\000o\000d\000u\000l\000e}{section.5.1}% 13
\BOOKMARK [2][-]{subsection.5.1.8}{\376\377\000a\000u\000r\000o\000r\000a\000.\000p\000l\000o\000t\000\137\000t\000o\000o\000l\000s\000\040\000m\000o\000d\000u\000l\000e}{section.5.1}% 14
\BOOKMARK [2][-]{subsection.5.1.9}{\376\377\000a\000u\000r\000o\000r\000a\000.\000d\000e\000f\000a\000u\000l\000t\000\137\000n\000m\000l\000\040\000m\000o\000d\000u\000l\000e}{section.5.1}% 15
\BOOKMARK [2][-]{subsection.5.1.10}{\376\377\000a\000u\000r\000o\000r\000a\000.\000i\000n\000t\000e\000r\000p\000\040\000m\000o\000d\000u\000l\000e}{section.5.1}% 16
\BOOKMARK [2][-]{subsection.5.1.11}{\376\377\000a\000u\000r\000o\000r\000a\000.\000a\000n\000i\000m\000a\000t\000e\000\040\000m\000o\000d\000u\000l\000e}{section.5.1}% 17
\BOOKMARK [2][-]{subsection.5.1.12}{\376\377\000a\000u\000r\000o\000r\000a\000.\000p\000a\000r\000t\000i\000c\000l\000e\000\137\000c\000o\000n\000s\000e\000r\000v\000\040\000m\000o\000d\000u\000l\000e}{section.5.1}% 18
\BOOKMARK [2][-]{subsection.5.1.13}{\376\377\000a\000u\000r\000o\000r\000a\000.\000n\000b\000i\000\137\000n\000e\000u\000t\000r\000a\000l\000s\000\040\000m\000o\000d\000u\000l\000e}{section.5.1}% 19
\BOOKMARK [2][-]{subsection.5.1.14}{\376\377\000a\000u\000r\000o\000r\000a\000.\000j\000a\000n\000e\000v\000\137\000s\000m\000i\000t\000h\000\137\000r\000a\000t\000e\000s\000\040\000m\000o\000d\000u\000l\000e}{section.5.1}% 20
\BOOKMARK [2][-]{subsection.5.1.15}{\376\377\000M\000o\000d\000u\000l\000e\000\040\000c\000o\000n\000t\000e\000n\000t\000s}{section.5.1}% 21
\BOOKMARK [0][-]{chapter.6}{\376\377\000I\000n\000d\000i\000c\000e\000s\000\040\000a\000n\000d\000\040\000t\000a\000b\000l\000e\000s}{}% 22
\BOOKMARK [0][-]{section*.91}{\376\377\000P\000y\000t\000h\000o\000n\000\040\000M\000o\000d\000u\000l\000e\000\040\000I\000n\000d\000e\000x}{}% 23
